android/app/build/intermediates/manifest_merge_blame_file/release/processReleaseMainManifest/manifest-merger-blame-release-report.txt
1<?xml version="1.0" encoding="utf-8"?>
2<manifest xmlns:android="http://schemas.android.com/apk/res/android"
3    package="com.elitearrows.app"
4    android:versionCode="2208"
5    android:versionName="22.0.8" >
6
7    <uses-sdk
7-->INJECTED
8        android:minSdkVersion="23"
8-->INJECTED
9        android:targetSdkVersion="35" />
9-->INJECTED
10
11    <uses-permission android:name="android.permission.INTERNET" />
11-->src\main\AndroidManifest.xml:6:5-67
11-->src\main\AndroidManifest.xml:6:22-64
12    <uses-permission android:name="android.permission.ACCESS_NETWORK_STATE" />
12-->src\main\AndroidManifest.xml:7:5-79
12-->src\main\AndroidManifest.xml:7:22-76
13    <uses-permission android:name="android.permission.CAMERA" />
13-->src\main\AndroidManifest.xml:8:5-65
13-->src\main\AndroidManifest.xml:8:22-62
14    <uses-permission android:name="android.permission.POST_NOTIFICATIONS" />
14-->src\main\AndroidManifest.xml:9:5-77
14-->src\main\AndroidManifest.xml:9:22-74
15    <uses-permission android:name="com.google.android.gms.permission.AD_ID" />
15-->src\main\AndroidManifest.xml:10:5-79
15-->src\main\AndroidManifest.xml:10:22-76
16    <uses-permission android:name="com.android.vending.BILLING" />
16-->src\main\AndroidManifest.xml:11:5-67
16-->src\main\AndroidManifest.xml:11:22-64
17
18    <uses-feature
18-->src\main\AndroidManifest.xml:13:5-15:36
19        android:name="android.hardware.camera"
19-->src\main\AndroidManifest.xml:14:9-47
20        android:required="false" />
20-->src\main\AndroidManifest.xml:15:9-33
21
22    <queries>
22-->src\main\AndroidManifest.xml:17:5-21:15
23        <intent>
23-->src\main\AndroidManifest.xml:18:9-20:18
24            <action android:name="android.media.action.IMAGE_CAPTURE" />
24-->src\main\AndroidManifest.xml:19:13-73
24-->src\main\AndroidManifest.xml:19:21-70
25        </intent>
26        <intent>
26-->[com.android.billingclient:billing:7.1.1] AndroidManifest.xml:13:9-15:18
27            <action android:name="com.android.vending.billing.InAppBillingService.BIND" />
27-->[com.android.billingclient:billing:7.1.1] AndroidManifest.xml:14:13-91
27-->[com.android.billingclient:billing:7.1.1] AndroidManifest.xml:14:21-88
28        </intent>
29        <intent>
29-->[com.android.billingclient:billing:7.1.1] AndroidManifest.xml:16:9-18:18
30            <action android:name="com.google.android.apps.play.billingtestcompanion.BillingOverrideService.BIND" />
30-->[com.android.billingclient:billing:7.1.1] AndroidManifest.xml:17:13-116
30-->[com.android.billingclient:billing:7.1.1] AndroidManifest.xml:17:21-113
31        </intent>
32    </queries>
33
34    <uses-permission android:name="android.permission.WAKE_LOCK" /> <!-- Required by older versions of Google Play services to create IID tokens -->
34-->[com.google.firebase:firebase-messaging:25.0.1] AndroidManifest.xml:24:5-68
34-->[com.google.firebase:firebase-messaging:25.0.1] AndroidManifest.xml:24:22-65
35    <uses-permission android:name="com.google.android.c2dm.permission.RECEIVE" />
35-->[com.google.firebase:firebase-messaging:25.0.1] AndroidManifest.xml:26:5-82
35-->[com.google.firebase:firebase-messaging:25.0.1] AndroidManifest.xml:26:22-79
36    <uses-permission android:name="com.google.android.finsky.permission.BIND_GET_INSTALL_REFERRER_SERVICE" />
36-->[com.google.android.gms:play-services-measurement:23.2.0] AndroidManifest.xml:26:5-110
36-->[com.google.android.gms:play-services-measurement:23.2.0] AndroidManifest.xml:26:22-107
37    <uses-permission android:name="android.permission.ACCESS_ADSERVICES_ATTRIBUTION" />
37-->[com.google.android.gms:play-services-measurement-api:23.2.0] AndroidManifest.xml:26:5-88
37-->[com.google.android.gms:play-services-measurement-api:23.2.0] AndroidManifest.xml:26:22-85
38    <uses-permission android:name="android.permission.ACCESS_ADSERVICES_AD_ID" />
38-->[com.google.android.gms:play-services-measurement-api:23.2.0] AndroidManifest.xml:27:5-82
38-->[com.google.android.gms:play-services-measurement-api:23.2.0] AndroidManifest.xml:27:22-79
39
40    <permission
40-->[androidx.core:core:1.15.0] AndroidManifest.xml:22:5-24:47
41        android:name="com.elitearrows.app.DYNAMIC_RECEIVER_NOT_EXPORTED_PERMISSION"
41-->[androidx.core:core:1.15.0] AndroidManifest.xml:23:9-81
42        android:protectionLevel="signature" />
42-->[androidx.core:core:1.15.0] AndroidManifest.xml:24:9-44
43
44    <uses-permission android:name="com.elitearrows.app.DYNAMIC_RECEIVER_NOT_EXPORTED_PERMISSION" />
44-->[androidx.core:core:1.15.0] AndroidManifest.xml:26:5-97
44-->[androidx.core:core:1.15.0] AndroidManifest.xml:26:22-94
45
46    <application
46-->src\main\AndroidManifest.xml:23:5-53:19
47        android:allowBackup="true"
47-->src\main\AndroidManifest.xml:24:9-35
48        android:appComponentFactory="androidx.core.app.CoreComponentFactory"
48-->[androidx.core:core:1.15.0] AndroidManifest.xml:28:18-86
49        android:extractNativeLibs="false"
49-->INJECTED
50        android:hardwareAccelerated="true"
50-->src\main\AndroidManifest.xml:30:9-43
51        android:icon="@mipmap/ic_launcher"
51-->src\main\AndroidManifest.xml:25:9-43
52        android:label="@string/app_name"
52-->src\main\AndroidManifest.xml:26:9-41
53        android:roundIcon="@mipmap/ic_launcher_round"
53-->src\main\AndroidManifest.xml:27:9-54
54        android:supportsRtl="true"
54-->src\main\AndroidManifest.xml:28:9-35
55        android:theme="@style/AppTheme"
55-->src\main\AndroidManifest.xml:29:9-40
56        android:usesCleartextTraffic="true" >
56-->src\main\AndroidManifest.xml:31:9-44
57        <provider
57-->INJECTED
58            android:name="androidx.core.content.FileProvider"
58-->src\main\AndroidManifest.xml:34:13-62
59            android:authorities="com.elitearrows.app.fileprovider"
59-->INJECTED
60            android:exported="false"
60-->src\main\AndroidManifest.xml:36:13-37
61            android:grantUriPermissions="true" >
61-->src\main\AndroidManifest.xml:37:13-47
62            <meta-data
62-->src\main\AndroidManifest.xml:38:13-40:53
63                android:name="android.support.FILE_PROVIDER_PATHS"
63-->src\main\AndroidManifest.xml:39:17-67
64                android:resource="@xml/filepaths" />
64-->src\main\AndroidManifest.xml:40:17-50
65        </provider>
66
67        <activity
67-->src\main\AndroidManifest.xml:43:9-51:20
68            android:name="com.elitearrows.app.MainActivity"
68-->src\main\AndroidManifest.xml:44:13-41
69            android:configChanges="orientation|screenSize|smallestScreenSize|screenLayout|keyboardHidden"
69-->src\main\AndroidManifest.xml:45:13-106
70            android:exported="true" >
70-->src\main\AndroidManifest.xml:46:13-36
71            <intent-filter>
71-->src\main\AndroidManifest.xml:47:13-50:29
72                <action android:name="android.intent.action.MAIN" />
72-->src\main\AndroidManifest.xml:48:17-69
72-->src\main\AndroidManifest.xml:48:25-66
73
74                <category android:name="android.intent.category.LAUNCHER" />
74-->src\main\AndroidManifest.xml:49:17-77
74-->src\main\AndroidManifest.xml:49:27-74
75            </intent-filter>
76        </activity>
77
78        <meta-data
78-->[com.android.billingclient:billing:7.1.1] AndroidManifest.xml:22:9-24:37
79            android:name="com.google.android.play.billingclient.version"
79-->[com.android.billingclient:billing:7.1.1] AndroidManifest.xml:23:13-73
80            android:value="7.1.1" />
80-->[com.android.billingclient:billing:7.1.1] AndroidManifest.xml:24:13-34
81
82        <activity
82-->[com.android.billingclient:billing:7.1.1] AndroidManifest.xml:26:9-30:75
83            android:name="com.android.billingclient.api.ProxyBillingActivity"
83-->[com.android.billingclient:billing:7.1.1] AndroidManifest.xml:27:13-78
84            android:configChanges="keyboard|keyboardHidden|screenLayout|screenSize|orientation"
84-->[com.android.billingclient:billing:7.1.1] AndroidManifest.xml:28:13-96
85            android:exported="false"
85-->[com.android.billingclient:billing:7.1.1] AndroidManifest.xml:29:13-37
86            android:theme="@android:style/Theme.Translucent.NoTitleBar" />
86-->[com.android.billingclient:billing:7.1.1] AndroidManifest.xml:30:13-72
87        <activity
87-->[com.android.billingclient:billing:7.1.1] AndroidManifest.xml:31:9-35:75
88            android:name="com.android.billingclient.api.ProxyBillingActivityV2"
88-->[com.android.billingclient:billing:7.1.1] AndroidManifest.xml:32:13-80
89            android:configChanges="keyboard|keyboardHidden|screenLayout|screenSize|orientation"
89-->[com.android.billingclient:billing:7.1.1] AndroidManifest.xml:33:13-96
90            android:exported="false"
90-->[com.android.billingclient:billing:7.1.1] AndroidManifest.xml:34:13-37
91            android:theme="@android:style/Theme.Translucent.NoTitleBar" />
91-->[com.android.billingclient:billing:7.1.1] AndroidManifest.xml:35:13-72
92
93        <receiver
93-->[com.google.firebase:firebase-messaging:25.0.1] AndroidManifest.xml:29:9-40:20
94            android:name="com.google.firebase.iid.FirebaseInstanceIdReceiver"
94-->[com.google.firebase:firebase-messaging:25.0.1] AndroidManifest.xml:30:13-78
95            android:exported="true"
95-->[com.google.firebase:firebase-messaging:25.0.1] AndroidManifest.xml:31:13-36
96            android:permission="com.google.android.c2dm.permission.SEND" >
96-->[com.google.firebase:firebase-messaging:25.0.1] AndroidManifest.xml:32:13-73
97            <intent-filter>
97-->[com.google.firebase:firebase-messaging:25.0.1] AndroidManifest.xml:33:13-35:29
98                <action android:name="com.google.android.c2dm.intent.RECEIVE" />
98-->[com.google.firebase:firebase-messaging:25.0.1] AndroidManifest.xml:34:17-81
98-->[com.google.firebase:firebase-messaging:25.0.1] AndroidManifest.xml:34:25-78
99            </intent-filter>
100
101            <meta-data
101-->[com.google.firebase:firebase-messaging:25.0.1] AndroidManifest.xml:37:13-39:40
102                android:name="com.google.android.gms.cloudmessaging.FINISHED_AFTER_HANDLED"
102-->[com.google.firebase:firebase-messaging:25.0.1] AndroidManifest.xml:38:17-92
103                android:value="true" />
103-->[com.google.firebase:firebase-messaging:25.0.1] AndroidManifest.xml:39:17-37
104        </receiver>
105        <!--
106             FirebaseMessagingService performs security checks at runtime,
107             but set to not exported to explicitly avoid allowing another app to call it.
108        -->
109        <service
109-->[com.google.firebase:firebase-messaging:25.0.1] AndroidManifest.xml:46:9-53:19
110            android:name="com.google.firebase.messaging.FirebaseMessagingService"
110-->[com.google.firebase:firebase-messaging:25.0.1] AndroidManifest.xml:47:13-82
111            android:directBootAware="true"
111-->[com.google.firebase:firebase-messaging:25.0.1] AndroidManifest.xml:48:13-43
112            android:exported="false" >
112-->[com.google.firebase:firebase-messaging:25.0.1] AndroidManifest.xml:49:13-37
113            <intent-filter android:priority="-500" >
113-->[com.google.firebase:firebase-messaging:25.0.1] AndroidManifest.xml:50:13-52:29
113-->[com.google.firebase:firebase-messaging:25.0.1] AndroidManifest.xml:50:28-51
114                <action android:name="com.google.firebase.MESSAGING_EVENT" />
114-->[com.google.firebase:firebase-messaging:25.0.1] AndroidManifest.xml:51:17-78
114-->[com.google.firebase:firebase-messaging:25.0.1] AndroidManifest.xml:51:25-75
115            </intent-filter>
116        </service>
117        <service
117-->[com.google.firebase:firebase-messaging:25.0.1] AndroidManifest.xml:54:9-63:19
118            android:name="com.google.firebase.components.ComponentDiscoveryService"
118-->[com.google.firebase:firebase-messaging:25.0.1] AndroidManifest.xml:55:13-84
119            android:directBootAware="true"
119-->[com.google.firebase:firebase-common:22.0.1] AndroidManifest.xml:32:13-43
120            android:exported="false" >
120-->[com.google.firebase:firebase-messaging:25.0.1] AndroidManifest.xml:56:13-37
121            <meta-data
121-->[com.google.firebase:firebase-messaging:25.0.1] AndroidManifest.xml:57:13-59:85
122                android:name="com.google.firebase.components:com.google.firebase.messaging.FirebaseMessagingKtxRegistrar"
122-->[com.google.firebase:firebase-messaging:25.0.1] AndroidManifest.xml:58:17-122
123                android:value="com.google.firebase.components.ComponentRegistrar" />
123-->[com.google.firebase:firebase-messaging:25.0.1] AndroidManifest.xml:59:17-82
124            <meta-data
124-->[com.google.firebase:firebase-messaging:25.0.1] AndroidManifest.xml:60:13-62:85
125                android:name="com.google.firebase.components:com.google.firebase.messaging.FirebaseMessagingRegistrar"
125-->[com.google.firebase:firebase-messaging:25.0.1] AndroidManifest.xml:61:17-119
126                android:value="com.google.firebase.components.ComponentRegistrar" />
126-->[com.google.firebase:firebase-messaging:25.0.1] AndroidManifest.xml:62:17-82
127            <meta-data
127-->[com.google.android.gms:play-services-measurement-api:23.2.0] AndroidManifest.xml:33:13-35:85
128                android:name="com.google.firebase.components:com.google.firebase.analytics.connector.internal.AnalyticsConnectorRegistrar"
128-->[com.google.android.gms:play-services-measurement-api:23.2.0] AndroidManifest.xml:34:17-139
129                android:value="com.google.firebase.components.ComponentRegistrar" />
129-->[com.google.android.gms:play-services-measurement-api:23.2.0] AndroidManifest.xml:35:17-82
130            <meta-data
130-->[com.google.firebase:firebase-installations:19.1.0] AndroidManifest.xml:15:13-17:85
131                android:name="com.google.firebase.components:com.google.firebase.installations.FirebaseInstallationsKtxRegistrar"
131-->[com.google.firebase:firebase-installations:19.1.0] AndroidManifest.xml:16:17-130
132                android:value="com.google.firebase.components.ComponentRegistrar" />
132-->[com.google.firebase:firebase-installations:19.1.0] AndroidManifest.xml:17:17-82
133            <meta-data
133-->[com.google.firebase:firebase-installations:19.1.0] AndroidManifest.xml:18:13-20:85
134                android:name="com.google.firebase.components:com.google.firebase.installations.FirebaseInstallationsRegistrar"
134-->[com.google.firebase:firebase-installations:19.1.0] AndroidManifest.xml:19:17-127
135                android:value="com.google.firebase.components.ComponentRegistrar" />
135-->[com.google.firebase:firebase-installations:19.1.0] AndroidManifest.xml:20:17-82
136            <meta-data
136-->[com.google.firebase:firebase-common:22.0.1] AndroidManifest.xml:35:13-37:85
137                android:name="com.google.firebase.components:com.google.firebase.FirebaseCommonKtxRegistrar"
137-->[com.google.firebase:firebase-common:22.0.1] AndroidManifest.xml:36:17-109
138                android:value="com.google.firebase.components.ComponentRegistrar" />
138-->[com.google.firebase:firebase-common:22.0.1] AndroidManifest.xml:37:17-82
139            <meta-data
139-->[com.google.firebase:firebase-datatransport:18.2.0] AndroidManifest.xml:25:13-27:85
140                android:name="com.google.firebase.components:com.google.firebase.datatransport.TransportRegistrar"
140-->[com.google.firebase:firebase-datatransport:18.2.0] AndroidManifest.xml:26:17-115
141                android:value="com.google.firebase.components.ComponentRegistrar" />
141-->[com.google.firebase:firebase-datatransport:18.2.0] AndroidManifest.xml:27:17-82
142        </service>
143
144        <receiver
144-->[com.google.android.gms:play-services-measurement:23.2.0] AndroidManifest.xml:29:9-33:20
145            android:name="com.google.android.gms.measurement.AppMeasurementReceiver"
145-->[com.google.android.gms:play-services-measurement:23.2.0] AndroidManifest.xml:30:13-85
146            android:enabled="true"
146-->[com.google.android.gms:play-services-measurement:23.2.0] AndroidManifest.xml:31:13-35
147            android:exported="false" >
147-->[com.google.android.gms:play-services-measurement:23.2.0] AndroidManifest.xml:32:13-37
148        </receiver>
149
150        <service
150-->[com.google.android.gms:play-services-measurement:23.2.0] AndroidManifest.xml:35:9-38:40
151            android:name="com.google.android.gms.measurement.AppMeasurementService"
151-->[com.google.android.gms:play-services-measurement:23.2.0] AndroidManifest.xml:36:13-84
152            android:enabled="true"
152-->[com.google.android.gms:play-services-measurement:23.2.0] AndroidManifest.xml:37:13-35
153            android:exported="false" />
153-->[com.google.android.gms:play-services-measurement:23.2.0] AndroidManifest.xml:38:13-37
154        <service
154-->[com.google.android.gms:play-services-measurement:23.2.0] AndroidManifest.xml:39:9-43:72
155            android:name="com.google.android.gms.measurement.AppMeasurementJobService"
155-->[com.google.android.gms:play-services-measurement:23.2.0] AndroidManifest.xml:40:13-87
156            android:enabled="true"
156-->[com.google.android.gms:play-services-measurement:23.2.0] AndroidManifest.xml:41:13-35
157            android:exported="false"
157-->[com.google.android.gms:play-services-measurement:23.2.0] AndroidManifest.xml:42:13-37
158            android:permission="android.permission.BIND_JOB_SERVICE" />
158-->[com.google.android.gms:play-services-measurement:23.2.0] AndroidManifest.xml:43:13-69
159
160        <activity
160-->[com.google.android.gms:play-services-base:18.5.0] AndroidManifest.xml:5:9-173
161            android:name="com.google.android.gms.common.api.GoogleApiActivity"
161-->[com.google.android.gms:play-services-base:18.5.0] AndroidManifest.xml:5:19-85
162            android:exported="false"
162-->[com.google.android.gms:play-services-base:18.5.0] AndroidManifest.xml:5:146-170
163            android:theme="@android:style/Theme.Translucent.NoTitleBar" />
163-->[com.google.android.gms:play-services-base:18.5.0] AndroidManifest.xml:5:86-145
164
165        <provider
165-->[com.google.firebase:firebase-common:22.0.1] AndroidManifest.xml:23:9-28:39
166            android:name="com.google.firebase.provider.FirebaseInitProvider"
166-->[com.google.firebase:firebase-common:22.0.1] AndroidManifest.xml:24:13-77
167            android:authorities="com.elitearrows.app.firebaseinitprovider"
167-->[com.google.firebase:firebase-common:22.0.1] AndroidManifest.xml:25:13-72
168            android:directBootAware="true"
168-->[com.google.firebase:firebase-common:22.0.1] AndroidManifest.xml:26:13-43
169            android:exported="false"
169-->[com.google.firebase:firebase-common:22.0.1] AndroidManifest.xml:27:13-37
170            android:initOrder="100" />
170-->[com.google.firebase:firebase-common:22.0.1] AndroidManifest.xml:28:13-36
171
172        <uses-library
172-->[androidx.privacysandbox.ads:ads-adservices:1.1.0-beta11] AndroidManifest.xml:23:9-25:40
173            android:name="android.ext.adservices"
173-->[androidx.privacysandbox.ads:ads-adservices:1.1.0-beta11] AndroidManifest.xml:24:13-50
174            android:required="false" />
174-->[androidx.privacysandbox.ads:ads-adservices:1.1.0-beta11] AndroidManifest.xml:25:13-37
175
176        <provider
176-->[androidx.emoji2:emoji2:1.3.0] AndroidManifest.xml:24:9-32:20
177            android:name="androidx.startup.InitializationProvider"
177-->[androidx.emoji2:emoji2:1.3.0] AndroidManifest.xml:25:13-67
178            android:authorities="com.elitearrows.app.androidx-startup"
178-->[androidx.emoji2:emoji2:1.3.0] AndroidManifest.xml:26:13-68
179            android:exported="false" >
179-->[androidx.emoji2:emoji2:1.3.0] AndroidManifest.xml:27:13-37
180            <meta-data
180-->[androidx.emoji2:emoji2:1.3.0] AndroidManifest.xml:29:13-31:52
181                android:name="androidx.emoji2.text.EmojiCompatInitializer"
181-->[androidx.emoji2:emoji2:1.3.0] AndroidManifest.xml:30:17-75
182                android:value="androidx.startup" />
182-->[androidx.emoji2:emoji2:1.3.0] AndroidManifest.xml:31:17-49
183            <meta-data
183-->[androidx.lifecycle:lifecycle-process:2.6.2] AndroidManifest.xml:29:13-31:52
184                android:name="androidx.lifecycle.ProcessLifecycleInitializer"
184-->[androidx.lifecycle:lifecycle-process:2.6.2] AndroidManifest.xml:30:17-78
185                android:value="androidx.startup" />
185-->[androidx.lifecycle:lifecycle-process:2.6.2] AndroidManifest.xml:31:17-49
186            <meta-data
186-->[androidx.profileinstaller:profileinstaller:1.3.1] AndroidManifest.xml:29:13-31:52
187                android:name="androidx.profileinstaller.ProfileInstallerInitializer"
187-->[androidx.profileinstaller:profileinstaller:1.3.1] AndroidManifest.xml:30:17-85
188                android:value="androidx.startup" />
188-->[androidx.profileinstaller:profileinstaller:1.3.1] AndroidManifest.xml:31:17-49
189        </provider>
190
191        <meta-data
191-->[com.google.android.gms:play-services-basement:18.9.0] AndroidManifest.xml:21:9-23:69
192            android:name="com.google.android.gms.version"
192-->[com.google.android.gms:play-services-basement:18.9.0] AndroidManifest.xml:22:13-58
193            android:value="@integer/google_play_services_version" />
193-->[com.google.android.gms:play-services-basement:18.9.0] AndroidManifest.xml:23:13-66
194
195        <receiver
195-->[androidx.profileinstaller:profileinstaller:1.3.1] AndroidManifest.xml:34:9-52:20
196            android:name="androidx.profileinstaller.ProfileInstallReceiver"
196-->[androidx.profileinstaller:profileinstaller:1.3.1] AndroidManifest.xml:35:13-76
197            android:directBootAware="false"
197-->[androidx.profileinstaller:profileinstaller:1.3.1] AndroidManifest.xml:36:13-44
198            android:enabled="true"
198-->[androidx.profileinstaller:profileinstaller:1.3.1] AndroidManifest.xml:37:13-35
199            android:exported="true"
199-->[androidx.profileinstaller:profileinstaller:1.3.1] AndroidManifest.xml:38:13-36
200            android:permission="android.permission.DUMP" >
200-->[androidx.profileinstaller:profileinstaller:1.3.1] AndroidManifest.xml:39:13-57
201            <intent-filter>
201-->[androidx.profileinstaller:profileinstaller:1.3.1] AndroidManifest.xml:40:13-42:29
202                <action android:name="androidx.profileinstaller.action.INSTALL_PROFILE" />
202-->[androidx.profileinstaller:profileinstaller:1.3.1] AndroidManifest.xml:41:17-91
202-->[androidx.profileinstaller:profileinstaller:1.3.1] AndroidManifest.xml:41:25-88
203            </intent-filter>
204            <intent-filter>
204-->[androidx.profileinstaller:profileinstaller:1.3.1] AndroidManifest.xml:43:13-45:29
205                <action android:name="androidx.profileinstaller.action.SKIP_FILE" />
205-->[androidx.profileinstaller:profileinstaller:1.3.1] AndroidManifest.xml:44:17-85
205-->[androidx.profileinstaller:profileinstaller:1.3.1] AndroidManifest.xml:44:25-82
206            </intent-filter>
207            <intent-filter>
207-->[androidx.profileinstaller:profileinstaller:1.3.1] AndroidManifest.xml:46:13-48:29
208                <action android:name="androidx.profileinstaller.action.SAVE_PROFILE" />
208-->[androidx.profileinstaller:profileinstaller:1.3.1] AndroidManifest.xml:47:17-88
208-->[androidx.profileinstaller:profileinstaller:1.3.1] AndroidManifest.xml:47:25-85
209            </intent-filter>
210            <intent-filter>
210-->[androidx.profileinstaller:profileinstaller:1.3.1] AndroidManifest.xml:49:13-51:29
211                <action android:name="androidx.profileinstaller.action.BENCHMARK_OPERATION" />
211-->[androidx.profileinstaller:profileinstaller:1.3.1] AndroidManifest.xml:50:17-95
211-->[androidx.profileinstaller:profileinstaller:1.3.1] AndroidManifest.xml:50:25-92
212            </intent-filter>
213        </receiver>
214
215        <service
215-->[com.google.android.datatransport:transport-backend-cct:3.1.9] AndroidManifest.xml:28:9-34:19
216            android:name="com.google.android.datatransport.runtime.backends.TransportBackendDiscovery"
216-->[com.google.android.datatransport:transport-backend-cct:3.1.9] AndroidManifest.xml:29:13-103
217            android:exported="false" >
217-->[com.google.android.datatransport:transport-backend-cct:3.1.9] AndroidManifest.xml:30:13-37
218            <meta-data
218-->[com.google.android.datatransport:transport-backend-cct:3.1.9] AndroidManifest.xml:31:13-33:39
219                android:name="backend:com.google.android.datatransport.cct.CctBackendFactory"
219-->[com.google.android.datatransport:transport-backend-cct:3.1.9] AndroidManifest.xml:32:17-94
220                android:value="cct" />
220-->[com.google.android.datatransport:transport-backend-cct:3.1.9] AndroidManifest.xml:33:17-36
221        </service>
222        <service
222-->[com.google.android.datatransport:transport-runtime:3.1.9] AndroidManifest.xml:26:9-30:19
223            android:name="com.google.android.datatransport.runtime.scheduling.jobscheduling.JobInfoSchedulerService"
223-->[com.google.android.datatransport:transport-runtime:3.1.9] AndroidManifest.xml:27:13-117
224            android:exported="false"
224-->[com.google.android.datatransport:transport-runtime:3.1.9] AndroidManifest.xml:28:13-37
225            android:permission="android.permission.BIND_JOB_SERVICE" >
225-->[com.google.android.datatransport:transport-runtime:3.1.9] AndroidManifest.xml:29:13-69
226        </service>
227
228        <receiver
228-->[com.google.android.datatransport:transport-runtime:3.1.9] AndroidManifest.xml:32:9-34:40
229            android:name="com.google.android.datatransport.runtime.scheduling.jobscheduling.AlarmManagerSchedulerBroadcastReceiver"
229-->[com.google.android.datatransport:transport-runtime:3.1.9] AndroidManifest.xml:33:13-132
230            android:exported="false" />
230-->[com.google.android.datatransport:transport-runtime:3.1.9] AndroidManifest.xml:34:13-37
231    </application>
232
233</manifest>